<?xml version="1.0" encoding="UTF-8"?>
<testsuite xmlns:xsi="http://www.w3.org/2001/XMLSchema-instance" xsi:noNamespaceSchemaLocation="https://maven.apache.org/surefire/maven-surefire-plugin/xsd/surefire-test-report-3.0.xsd" version="3.0" name="runners.TestRunner" time="38.549" tests="11" errors="0" skipped="0" failures="0">
  <properties>
    <property name="java.specification.version" value="21"/>
    <property name="sun.cpu.isalist" value="amd64"/>
    <property name="sun.jnu.encoding" value="Cp1252"/>
    <property name="java.class.path" value="E:\Charita\Study\GitSelenium\SeleniumCucumberVSCode\saucedemo\target\test-classes;E:\Charita\Study\GitSelenium\SeleniumCucumberVSCode\saucedemo\target\classes;C:\Users\hp\.m2\repository\org\seleniumhq\selenium\selenium-java\4.16.1\selenium-java-4.16.1.jar;C:\Users\hp\.m2\repository\org\seleniumhq\selenium\selenium-api\4.16.1\selenium-api-4.16.1.jar;C:\Users\hp\.m2\repository\org\seleniumhq\selenium\selenium-chrome-driver\4.16.1\selenium-chrome-driver-4.16.1.jar;C:\Users\hp\.m2\repository\com\google\auto\service\auto-service-annotations\1.1.1\auto-service-annotations-1.1.1.jar;C:\Users\hp\.m2\repository\org\seleniumhq\selenium\selenium-chromium-driver\4.16.1\selenium-chromium-driver-4.16.1.jar;C:\Users\hp\.m2\repository\org\seleniumhq\selenium\selenium-json\4.16.1\selenium-json-4.16.1.jar;C:\Users\hp\.m2\repository\org\seleniumhq\selenium\selenium-manager\4.16.1\selenium-manager-4.16.1.jar;C:\Users\hp\.m2\repository\org\seleniumhq\selenium\selenium-devtools-v118\4.16.1\selenium-devtools-v118-4.16.1.jar;C:\Users\hp\.m2\repository\org\seleniumhq\selenium\selenium-devtools-v119\4.16.1\selenium-devtools-v119-4.16.1.jar;C:\Users\hp\.m2\repository\org\seleniumhq\selenium\selenium-devtools-v120\4.16.1\selenium-devtools-v120-4.16.1.jar;C:\Users\hp\.m2\repository\org\seleniumhq\selenium\selenium-devtools-v85\4.16.1\selenium-devtools-v85-4.16.1.jar;C:\Users\hp\.m2\repository\org\seleniumhq\selenium\selenium-edge-driver\4.16.1\selenium-edge-driver-4.16.1.jar;C:\Users\hp\.m2\repository\org\seleniumhq\selenium\selenium-firefox-driver\4.16.1\selenium-firefox-driver-4.16.1.jar;C:\Users\hp\.m2\repository\org\seleniumhq\selenium\selenium-http\4.16.1\selenium-http-4.16.1.jar;C:\Users\hp\.m2\repository\dev\failsafe\failsafe\3.3.2\failsafe-3.3.2.jar;C:\Users\hp\.m2\repository\org\seleniumhq\selenium\selenium-ie-driver\4.16.1\selenium-ie-driver-4.16.1.jar;C:\Users\hp\.m2\repository\org\seleniumhq\selenium\selenium-remote-driver\4.16.1\selenium-remote-driver-4.16.1.jar;C:\Users\hp\.m2\repository\com\google\guava\guava\32.1.2-jre\guava-32.1.2-jre.jar;C:\Users\hp\.m2\repository\com\google\guava\failureaccess\1.0.1\failureaccess-1.0.1.jar;C:\Users\hp\.m2\repository\com\google\guava\listenablefuture\9999.0-empty-to-avoid-conflict-with-guava\listenablefuture-9999.0-empty-to-avoid-conflict-with-guava.jar;C:\Users\hp\.m2\repository\com\google\code\findbugs\jsr305\3.0.2\jsr305-3.0.2.jar;C:\Users\hp\.m2\repository\org\checkerframework\checker-qual\3.33.0\checker-qual-3.33.0.jar;C:\Users\hp\.m2\repository\com\google\errorprone\error_prone_annotations\2.18.0\error_prone_annotations-2.18.0.jar;C:\Users\hp\.m2\repository\com\google\j2objc\j2objc-annotations\2.8\j2objc-annotations-2.8.jar;C:\Users\hp\.m2\repository\io\opentelemetry\opentelemetry-api\1.28.0\opentelemetry-api-1.28.0.jar;C:\Users\hp\.m2\repository\io\opentelemetry\opentelemetry-context\1.28.0\opentelemetry-context-1.28.0.jar;C:\Users\hp\.m2\repository\io\opentelemetry\opentelemetry-exporter-logging\1.28.0\opentelemetry-exporter-logging-1.28.0.jar;C:\Users\hp\.m2\repository\io\opentelemetry\opentelemetry-sdk-metrics\1.28.0\opentelemetry-sdk-metrics-1.28.0.jar;C:\Users\hp\.m2\repository\io\opentelemetry\opentelemetry-extension-incubator\1.28.0-alpha\opentelemetry-extension-incubator-1.28.0-alpha.jar;C:\Users\hp\.m2\repository\io\opentelemetry\opentelemetry-sdk-logs\1.28.0\opentelemetry-sdk-logs-1.28.0.jar;C:\Users\hp\.m2\repository\io\opentelemetry\opentelemetry-sdk-common\1.28.0\opentelemetry-sdk-common-1.28.0.jar;C:\Users\hp\.m2\repository\io\opentelemetry\opentelemetry-sdk-extension-autoconfigure-spi\1.28.0\opentelemetry-sdk-extension-autoconfigure-spi-1.28.0.jar;C:\Users\hp\.m2\repository\io\opentelemetry\opentelemetry-sdk-extension-autoconfigure\1.28.0\opentelemetry-sdk-extension-autoconfigure-1.28.0.jar;C:\Users\hp\.m2\repository\io\opentelemetry\opentelemetry-api-events\1.28.0-alpha\opentelemetry-api-events-1.28.0-alpha.jar;C:\Users\hp\.m2\repository\io\opentelemetry\opentelemetry-sdk-trace\1.28.0\opentelemetry-sdk-trace-1.28.0.jar;C:\Users\hp\.m2\repository\io\opentelemetry\opentelemetry-sdk\1.28.0\opentelemetry-sdk-1.28.0.jar;C:\Users\hp\.m2\repository\io\opentelemetry\opentelemetry-semconv\1.28.0-alpha\opentelemetry-semconv-1.28.0-alpha.jar;C:\Users\hp\.m2\repository\net\bytebuddy\byte-buddy\1.14.5\byte-buddy-1.14.5.jar;C:\Users\hp\.m2\repository\org\seleniumhq\selenium\selenium-os\4.16.1\selenium-os-4.16.1.jar;C:\Users\hp\.m2\repository\org\apache\commons\commons-exec\1.3\commons-exec-1.3.jar;C:\Users\hp\.m2\repository\org\seleniumhq\selenium\selenium-safari-driver\4.16.1\selenium-safari-driver-4.16.1.jar;C:\Users\hp\.m2\repository\org\seleniumhq\selenium\selenium-support\4.16.1\selenium-support-4.16.1.jar;C:\Users\hp\.m2\repository\org\testng\testng\7.10.2\testng-7.10.2.jar;C:\Users\hp\.m2\repository\org\slf4j\slf4j-api\1.7.36\slf4j-api-1.7.36.jar;C:\Users\hp\.m2\repository\com\beust\jcommander\1.82\jcommander-1.82.jar;C:\Users\hp\.m2\repository\org\webjars\jquery\3.7.1\jquery-3.7.1.jar;C:\Users\hp\.m2\repository\io\cucumber\cucumber-java\7.21.1\cucumber-java-7.21.1.jar;C:\Users\hp\.m2\repository\org\apiguardian\apiguardian-api\1.1.2\apiguardian-api-1.1.2.jar;C:\Users\hp\.m2\repository\io\cucumber\cucumber-core\7.21.1\cucumber-core-7.21.1.jar;C:\Users\hp\.m2\repository\io\cucumber\cucumber-gherkin\7.21.1\cucumber-gherkin-7.21.1.jar;C:\Users\hp\.m2\repository\io\cucumber\cucumber-gherkin-messages\7.21.1\cucumber-gherkin-messages-7.21.1.jar;C:\Users\hp\.m2\repository\io\cucumber\gherkin\31.0.0\gherkin-31.0.0.jar;C:\Users\hp\.m2\repository\io\cucumber\messages\27.2.0\messages-27.2.0.jar;C:\Users\hp\.m2\repository\io\cucumber\testng-xml-formatter\0.3.1\testng-xml-formatter-0.3.1.jar;C:\Users\hp\.m2\repository\io\cucumber\query\13.2.0\query-13.2.0.jar;C:\Users\hp\.m2\repository\io\cucumber\tag-expressions\6.1.2\tag-expressions-6.1.2.jar;C:\Users\hp\.m2\repository\io\cucumber\cucumber-expressions\18.0.1\cucumber-expressions-18.0.1.jar;C:\Users\hp\.m2\repository\io\cucumber\datatable\7.21.1\datatable-7.21.1.jar;C:\Users\hp\.m2\repository\io\cucumber\cucumber-plugin\7.21.1\cucumber-plugin-7.21.1.jar;C:\Users\hp\.m2\repository\io\cucumber\docstring\7.21.1\docstring-7.21.1.jar;C:\Users\hp\.m2\repository\io\cucumber\html-formatter\21.9.0\html-formatter-21.9.0.jar;C:\Users\hp\.m2\repository\io\cucumber\junit-xml-formatter\0.7.1\junit-xml-formatter-0.7.1.jar;C:\Users\hp\.m2\repository\io\cucumber\ci-environment\10.0.1\ci-environment-10.0.1.jar;C:\Users\hp\.m2\repository\io\cucumber\cucumber-testng\7.21.1\cucumber-testng-7.21.1.jar;"/>
    <property name="java.vm.vendor" value="Oracle Corporation"/>
    <property name="sun.arch.data.model" value="64"/>
    <property name="user.variant" value=""/>
    <property name="java.vendor.url" value="https://java.oracle.com/"/>
    <property name="user.timezone" value="Asia/Calcutta"/>
    <property name="os.name" value="Windows 11"/>
    <property name="java.vm.specification.version" value="21"/>
    <property name="sun.java.launcher" value="SUN_STANDARD"/>
    <property name="user.country" value="US"/>
    <property name="sun.boot.library.path" value="C:\Program Files\Java\jdk-21\bin"/>
    <property name="sun.java.command" value="C:\Users\hp\AppData\Local\Temp\surefire14386742269494655577\surefirebooter-20250602020057479_3.jar C:\Users\hp\AppData\Local\Temp\surefire14386742269494655577 2025-06-02T02-00-57_255-jvmRun1 surefire-20250602020057479_1tmp surefire_0-20250602020057479_2tmp"/>
    <property name="jdk.debug" value="release"/>
    <property name="surefire.test.class.path" value="E:\Charita\Study\GitSelenium\SeleniumCucumberVSCode\saucedemo\target\test-classes;E:\Charita\Study\GitSelenium\SeleniumCucumberVSCode\saucedemo\target\classes;C:\Users\hp\.m2\repository\org\seleniumhq\selenium\selenium-java\4.16.1\selenium-java-4.16.1.jar;C:\Users\hp\.m2\repository\org\seleniumhq\selenium\selenium-api\4.16.1\selenium-api-4.16.1.jar;C:\Users\hp\.m2\repository\org\seleniumhq\selenium\selenium-chrome-driver\4.16.1\selenium-chrome-driver-4.16.1.jar;C:\Users\hp\.m2\repository\com\google\auto\service\auto-service-annotations\1.1.1\auto-service-annotations-1.1.1.jar;C:\Users\hp\.m2\repository\org\seleniumhq\selenium\selenium-chromium-driver\4.16.1\selenium-chromium-driver-4.16.1.jar;C:\Users\hp\.m2\repository\org\seleniumhq\selenium\selenium-json\4.16.1\selenium-json-4.16.1.jar;C:\Users\hp\.m2\repository\org\seleniumhq\selenium\selenium-manager\4.16.1\selenium-manager-4.16.1.jar;C:\Users\hp\.m2\repository\org\seleniumhq\selenium\selenium-devtools-v118\4.16.1\selenium-devtools-v118-4.16.1.jar;C:\Users\hp\.m2\repository\org\seleniumhq\selenium\selenium-devtools-v119\4.16.1\selenium-devtools-v119-4.16.1.jar;C:\Users\hp\.m2\repository\org\seleniumhq\selenium\selenium-devtools-v120\4.16.1\selenium-devtools-v120-4.16.1.jar;C:\Users\hp\.m2\repository\org\seleniumhq\selenium\selenium-devtools-v85\4.16.1\selenium-devtools-v85-4.16.1.jar;C:\Users\hp\.m2\repository\org\seleniumhq\selenium\selenium-edge-driver\4.16.1\selenium-edge-driver-4.16.1.jar;C:\Users\hp\.m2\repository\org\seleniumhq\selenium\selenium-firefox-driver\4.16.1\selenium-firefox-driver-4.16.1.jar;C:\Users\hp\.m2\repository\org\seleniumhq\selenium\selenium-http\4.16.1\selenium-http-4.16.1.jar;C:\Users\hp\.m2\repository\dev\failsafe\failsafe\3.3.2\failsafe-3.3.2.jar;C:\Users\hp\.m2\repository\org\seleniumhq\selenium\selenium-ie-driver\4.16.1\selenium-ie-driver-4.16.1.jar;C:\Users\hp\.m2\repository\org\seleniumhq\selenium\selenium-remote-driver\4.16.1\selenium-remote-driver-4.16.1.jar;C:\Users\hp\.m2\repository\com\google\guava\guava\32.1.2-jre\guava-32.1.2-jre.jar;C:\Users\hp\.m2\repository\com\google\guava\failureaccess\1.0.1\failureaccess-1.0.1.jar;C:\Users\hp\.m2\repository\com\google\guava\listenablefuture\9999.0-empty-to-avoid-conflict-with-guava\listenablefuture-9999.0-empty-to-avoid-conflict-with-guava.jar;C:\Users\hp\.m2\repository\com\google\code\findbugs\jsr305\3.0.2\jsr305-3.0.2.jar;C:\Users\hp\.m2\repository\org\checkerframework\checker-qual\3.33.0\checker-qual-3.33.0.jar;C:\Users\hp\.m2\repository\com\google\errorprone\error_prone_annotations\2.18.0\error_prone_annotations-2.18.0.jar;C:\Users\hp\.m2\repository\com\google\j2objc\j2objc-annotations\2.8\j2objc-annotations-2.8.jar;C:\Users\hp\.m2\repository\io\opentelemetry\opentelemetry-api\1.28.0\opentelemetry-api-1.28.0.jar;C:\Users\hp\.m2\repository\io\opentelemetry\opentelemetry-context\1.28.0\opentelemetry-context-1.28.0.jar;C:\Users\hp\.m2\repository\io\opentelemetry\opentelemetry-exporter-logging\1.28.0\opentelemetry-exporter-logging-1.28.0.jar;C:\Users\hp\.m2\repository\io\opentelemetry\opentelemetry-sdk-metrics\1.28.0\opentelemetry-sdk-metrics-1.28.0.jar;C:\Users\hp\.m2\repository\io\opentelemetry\opentelemetry-extension-incubator\1.28.0-alpha\opentelemetry-extension-incubator-1.28.0-alpha.jar;C:\Users\hp\.m2\repository\io\opentelemetry\opentelemetry-sdk-logs\1.28.0\opentelemetry-sdk-logs-1.28.0.jar;C:\Users\hp\.m2\repository\io\opentelemetry\opentelemetry-sdk-common\1.28.0\opentelemetry-sdk-common-1.28.0.jar;C:\Users\hp\.m2\repository\io\opentelemetry\opentelemetry-sdk-extension-autoconfigure-spi\1.28.0\opentelemetry-sdk-extension-autoconfigure-spi-1.28.0.jar;C:\Users\hp\.m2\repository\io\opentelemetry\opentelemetry-sdk-extension-autoconfigure\1.28.0\opentelemetry-sdk-extension-autoconfigure-1.28.0.jar;C:\Users\hp\.m2\repository\io\opentelemetry\opentelemetry-api-events\1.28.0-alpha\opentelemetry-api-events-1.28.0-alpha.jar;C:\Users\hp\.m2\repository\io\opentelemetry\opentelemetry-sdk-trace\1.28.0\opentelemetry-sdk-trace-1.28.0.jar;C:\Users\hp\.m2\repository\io\opentelemetry\opentelemetry-sdk\1.28.0\opentelemetry-sdk-1.28.0.jar;C:\Users\hp\.m2\repository\io\opentelemetry\opentelemetry-semconv\1.28.0-alpha\opentelemetry-semconv-1.28.0-alpha.jar;C:\Users\hp\.m2\repository\net\bytebuddy\byte-buddy\1.14.5\byte-buddy-1.14.5.jar;C:\Users\hp\.m2\repository\org\seleniumhq\selenium\selenium-os\4.16.1\selenium-os-4.16.1.jar;C:\Users\hp\.m2\repository\org\apache\commons\commons-exec\1.3\commons-exec-1.3.jar;C:\Users\hp\.m2\repository\org\seleniumhq\selenium\selenium-safari-driver\4.16.1\selenium-safari-driver-4.16.1.jar;C:\Users\hp\.m2\repository\org\seleniumhq\selenium\selenium-support\4.16.1\selenium-support-4.16.1.jar;C:\Users\hp\.m2\repository\org\testng\testng\7.10.2\testng-7.10.2.jar;C:\Users\hp\.m2\repository\org\slf4j\slf4j-api\1.7.36\slf4j-api-1.7.36.jar;C:\Users\hp\.m2\repository\com\beust\jcommander\1.82\jcommander-1.82.jar;C:\Users\hp\.m2\repository\org\webjars\jquery\3.7.1\jquery-3.7.1.jar;C:\Users\hp\.m2\repository\io\cucumber\cucumber-java\7.21.1\cucumber-java-7.21.1.jar;C:\Users\hp\.m2\repository\org\apiguardian\apiguardian-api\1.1.2\apiguardian-api-1.1.2.jar;C:\Users\hp\.m2\repository\io\cucumber\cucumber-core\7.21.1\cucumber-core-7.21.1.jar;C:\Users\hp\.m2\repository\io\cucumber\cucumber-gherkin\7.21.1\cucumber-gherkin-7.21.1.jar;C:\Users\hp\.m2\repository\io\cucumber\cucumber-gherkin-messages\7.21.1\cucumber-gherkin-messages-7.21.1.jar;C:\Users\hp\.m2\repository\io\cucumber\gherkin\31.0.0\gherkin-31.0.0.jar;C:\Users\hp\.m2\repository\io\cucumber\messages\27.2.0\messages-27.2.0.jar;C:\Users\hp\.m2\repository\io\cucumber\testng-xml-formatter\0.3.1\testng-xml-formatter-0.3.1.jar;C:\Users\hp\.m2\repository\io\cucumber\query\13.2.0\query-13.2.0.jar;C:\Users\hp\.m2\repository\io\cucumber\tag-expressions\6.1.2\tag-expressions-6.1.2.jar;C:\Users\hp\.m2\repository\io\cucumber\cucumber-expressions\18.0.1\cucumber-expressions-18.0.1.jar;C:\Users\hp\.m2\repository\io\cucumber\datatable\7.21.1\datatable-7.21.1.jar;C:\Users\hp\.m2\repository\io\cucumber\cucumber-plugin\7.21.1\cucumber-plugin-7.21.1.jar;C:\Users\hp\.m2\repository\io\cucumber\docstring\7.21.1\docstring-7.21.1.jar;C:\Users\hp\.m2\repository\io\cucumber\html-formatter\21.9.0\html-formatter-21.9.0.jar;C:\Users\hp\.m2\repository\io\cucumber\junit-xml-formatter\0.7.1\junit-xml-formatter-0.7.1.jar;C:\Users\hp\.m2\repository\io\cucumber\ci-environment\10.0.1\ci-environment-10.0.1.jar;C:\Users\hp\.m2\repository\io\cucumber\cucumber-testng\7.21.1\cucumber-testng-7.21.1.jar;"/>
    <property name="sun.cpu.endian" value="little"/>
    <property name="user.home" value="C:\Users\hp"/>
    <property name="user.language" value="en"/>
    <property name="java.specification.vendor" value="Oracle Corporation"/>
    <property name="java.version.date" value="2023-10-17"/>
    <property name="java.home" value="C:\Program Files\Java\jdk-21"/>
    <property name="file.separator" value="\"/>
    <property name="basedir" value="E:\Charita\Study\GitSelenium\SeleniumCucumberVSCode\saucedemo"/>
    <property name="java.vm.compressedOopsMode" value="Zero based"/>
    <property name="line.separator" value="&#10;"/>
    <property name="java.vm.specification.vendor" value="Oracle Corporation"/>
    <property name="java.specification.name" value="Java Platform API Specification"/>
    <property name="surefire.real.class.path" value="C:\Users\hp\AppData\Local\Temp\surefire14386742269494655577\surefirebooter-20250602020057479_3.jar"/>
    <property name="user.script" value=""/>
    <property name="sun.management.compiler" value="HotSpot 64-Bit Tiered Compilers"/>
    <property name="java.runtime.version" value="21.0.1+12-LTS-29"/>
    <property name="user.name" value="hp"/>
    <property name="stdout.encoding" value="Cp1252"/>
    <property name="path.separator" value=";"/>
    <property name="os.version" value="10.0"/>
    <property name="java.runtime.name" value="Java(TM) SE Runtime Environment"/>
    <property name="file.encoding" value="UTF-8"/>
    <property name="java.vm.name" value="Java HotSpot(TM) 64-Bit Server VM"/>
    <property name="localRepository" value="C:\Users\hp\.m2\repository"/>
    <property name="java.vendor.url.bug" value="https://bugreport.java.com/bugreport/"/>
    <property name="java.io.tmpdir" value="C:\Users\hp\AppData\Local\Temp\"/>
    <property name="java.version" value="21.0.1"/>
    <property name="user.dir" value="E:\Charita\Study\GitSelenium\SeleniumCucumberVSCode\saucedemo"/>
    <property name="os.arch" value="amd64"/>
    <property name="java.vm.specification.name" value="Java Virtual Machine Specification"/>
    <property name="sun.os.patch.level" value=""/>
    <property name="native.encoding" value="Cp1252"/>
    <property name="java.library.path" value="C:\Program Files\Java\jdk-21\bin;C:\WINDOWS\Sun\Java\bin;C:\WINDOWS\system32;C:\WINDOWS;C:\Program Files\Python312\Scripts\;C:\Program Files\Python312\;C:\Program Files\Common Files\Oracle\Java\javapath;C:\WINDOWS\system32;C:\WINDOWS;C:\WINDOWS\System32\Wbem;C:\WINDOWS\System32\WindowsPowerShell\v1.0\;C:\WINDOWS\System32\OpenSSH\;C:\Program Files (x86)\Microsoft SQL Server\160\DTS\Binn\;C:\Program Files\Azure Data Studio\bin;C:\Program Files (x86)\Microsoft SQL Server\160\Tools\Binn\;C:\Program Files\Microsoft SQL Server\160\Tools\Binn\;C:\Program Files\Microsoft SQL Server\Client SDK\ODBC\170\Tools\Binn\;C:\Program Files\Microsoft SQL Server\160\DTS\Binn\;C:\Program Files\Java\jdk-21\bin;C:\Program Files\nodejs\;E:\Charita\Study\Selenium\Projects\drivers;C:\Program Files\Git\cmd;E:\Charita\Study\apache-maven-3.9.9-bin\apache-maven-3.9.9\bin;C:\Users\hp\AppData\Local\Microsoft\WindowsApps;;C:\Program Files\Azure Data Studio\bin;C:\Users\hp\AppData\Local\Programs\Microsoft VS Code\bin;C:\Users\hp\AppData\Roaming\npm;."/>
    <property name="java.vm.info" value="mixed mode, sharing"/>
    <property name="stderr.encoding" value="Cp1252"/>
    <property name="java.vendor" value="Oracle Corporation"/>
    <property name="java.vm.version" value="21.0.1+12-LTS-29"/>
    <property name="sun.io.unicode.encoding" value="UnicodeLittle"/>
    <property name="java.class.version" value="65.0"/>
  </properties>
  <testcase name="runScenario[&quot;Login Using Valid User Credentials&quot;, &quot;Sauce Labs Demo Login Functionality&quot;](1)" classname="runners.TestRunner" time="5.181">
    <system-out><![CDATA[
Scenario: Login Using Valid User Credentials      # src/test/java/features/Login.feature:7
  Given User is on the login page                 # stepdefinitions.LoginStepDefinition.user_is_on_the_login_page()
  When User enters valid username "standard_user" # stepdefinitions.LoginStepDefinition.user_enters_valid_username(java.lang.String)
  And User enters valid password "secret_sauce"   # stepdefinitions.LoginStepDefinition.user_enters_valid_password(java.lang.String)
  And User clicks on Login Button                 # stepdefinitions.LoginStepDefinition.user_clicks_on_login_button()
  Then User is navigated to Swag Labs page        # stepdefinitions.LoginStepDefinition.user_is_navigated_to_swag_labs_page()
]]></system-out>
    <system-err><![CDATA[SLF4J: Failed to load class "org.slf4j.impl.StaticLoggerBinder".
SLF4J: Defaulting to no-operation (NOP) logger implementation
SLF4J: See http://www.slf4j.org/codes.html#StaticLoggerBinder for further details.
Jun 02, 2025 2:01:01 AM org.openqa.selenium.devtools.CdpVersionFinder findNearestMatch
WARNING: Unable to find CDP implementation matching 137
Jun 02, 2025 2:01:01 AM org.openqa.selenium.chromium.ChromiumDriver lambda$new$5
WARNING: Unable to find version of CDP to use for 137.0.7151.55. You may need to include a dependency on a specific version of the CDP using something similar to `org.seleniumhq.selenium:selenium-devtools-v86:4.16.1` where the version ("v86") matches the version of the chromium-based browser you're using and the version number of the artifact is the same as Selenium's.
]]></system-err>
  </testcase>
  <testcase name="runScenario[&quot;Login using multiple users&quot;, &quot;Sauce Labs Demo Login Functionality&quot;](2)" classname="runners.TestRunner" time="3.124">
    <system-out><![CDATA[
Scenario Outline: Login using multiple users    # src/test/java/features/Login.feature:22
  Given User is on the login page               # stepdefinitions.LoginStepDefinition.user_is_on_the_login_page()
  When User enters valid username "visual_user" # stepdefinitions.LoginStepDefinition.user_enters_valid_username(java.lang.String)
  And User enters valid password "secret_sauce" # stepdefinitions.LoginStepDefinition.user_enters_valid_password(java.lang.String)
  And User clicks on Login Button               # stepdefinitions.LoginStepDefinition.user_clicks_on_login_button()
  Then User is navigated to Swag Labs page      # stepdefinitions.LoginStepDefinition.user_is_navigated_to_swag_labs_page()
]]></system-out>
    <system-err><![CDATA[Jun 02, 2025 2:01:06 AM org.openqa.selenium.devtools.CdpVersionFinder findNearestMatch
WARNING: Unable to find CDP implementation matching 137
Jun 02, 2025 2:01:06 AM org.openqa.selenium.chromium.ChromiumDriver lambda$new$5
WARNING: Unable to find version of CDP to use for 137.0.7151.55. You may need to include a dependency on a specific version of the CDP using something similar to `org.seleniumhq.selenium:selenium-devtools-v86:4.16.1` where the version ("v86") matches the version of the chromium-based browser you're using and the version number of the artifact is the same as Selenium's.
]]></system-err>
  </testcase>
  <testcase name="runScenario[&quot;Login using multiple users&quot;, &quot;Sauce Labs Demo Login Functionality&quot;](3)" classname="runners.TestRunner" time="3.328">
    <system-out><![CDATA[
Scenario Outline: Login using multiple users      # src/test/java/features/Login.feature:23
  Given User is on the login page                 # stepdefinitions.LoginStepDefinition.user_is_on_the_login_page()
  When User enters valid username "standard_user" # stepdefinitions.LoginStepDefinition.user_enters_valid_username(java.lang.String)
  And User enters valid password "secret_sauce"   # stepdefinitions.LoginStepDefinition.user_enters_valid_password(java.lang.String)
  And User clicks on Login Button                 # stepdefinitions.LoginStepDefinition.user_clicks_on_login_button()
  Then User is navigated to Swag Labs page        # stepdefinitions.LoginStepDefinition.user_is_navigated_to_swag_labs_page()
]]></system-out>
    <system-err><![CDATA[Jun 02, 2025 2:01:09 AM org.openqa.selenium.devtools.CdpVersionFinder findNearestMatch
WARNING: Unable to find CDP implementation matching 137
Jun 02, 2025 2:01:09 AM org.openqa.selenium.chromium.ChromiumDriver lambda$new$5
WARNING: Unable to find version of CDP to use for 137.0.7151.55. You may need to include a dependency on a specific version of the CDP using something similar to `org.seleniumhq.selenium:selenium-devtools-v86:4.16.1` where the version ("v86") matches the version of the chromium-based browser you're using and the version number of the artifact is the same as Selenium's.
]]></system-err>
  </testcase>
  <testcase name="runScenario[&quot;Login using invalid credentials&quot;, &quot;Sauce Labs Demo Login Functionality&quot;](4)" classname="runners.TestRunner" time="3.138">
    <system-out><![CDATA[
Scenario Outline: Login using invalid credentials                                                                            # src/test/java/features/Login.feature:33
  Given User is on the login page                                                                                            # stepdefinitions.LoginStepDefinition.user_is_on_the_login_page()
  When User enters username "test1234"                                                                                       # stepdefinitions.LoginStepDefinition.user_enters_username(java.lang.String)
  And User enters password "test1234"                                                                                        # stepdefinitions.LoginStepDefinition.user_enters_password(java.lang.String)
  And User clicks on Login Button                                                                                            # stepdefinitions.LoginStepDefinition.user_clicks_on_login_button()
  Then User is not logged in and gets message as "Epic sadface: Username and password do not match any user in this service" # stepdefinitions.LoginStepDefinition.user_is_not_logged_in_and_gets_message_as(java.lang.String)
]]></system-out>
    <system-err><![CDATA[Jun 02, 2025 2:01:12 AM org.openqa.selenium.devtools.CdpVersionFinder findNearestMatch
WARNING: Unable to find CDP implementation matching 137
Jun 02, 2025 2:01:12 AM org.openqa.selenium.chromium.ChromiumDriver lambda$new$5
WARNING: Unable to find version of CDP to use for 137.0.7151.55. You may need to include a dependency on a specific version of the CDP using something similar to `org.seleniumhq.selenium:selenium-devtools-v86:4.16.1` where the version ("v86") matches the version of the chromium-based browser you're using and the version number of the artifact is the same as Selenium's.
]]></system-err>
  </testcase>
  <testcase name="runScenario[&quot;Login using invalid credentials&quot;, &quot;Sauce Labs Demo Login Functionality&quot;](5)" classname="runners.TestRunner" time="3.489">
    <system-out><![CDATA[
Scenario Outline: Login using invalid credentials                                                      # src/test/java/features/Login.feature:34
  Given User is on the login page                                                                      # stepdefinitions.LoginStepDefinition.user_is_on_the_login_page()
  When User enters username "locked_out_user"                                                          # stepdefinitions.LoginStepDefinition.user_enters_username(java.lang.String)
  And User enters password "secret_sauce"                                                              # stepdefinitions.LoginStepDefinition.user_enters_password(java.lang.String)
  And User clicks on Login Button                                                                      # stepdefinitions.LoginStepDefinition.user_clicks_on_login_button()
  Then User is not logged in and gets message as "Epic sadface: Sorry, this user has been locked out." # stepdefinitions.LoginStepDefinition.user_is_not_logged_in_and_gets_message_as(java.lang.String)
]]></system-out>
    <system-err><![CDATA[Jun 02, 2025 2:01:15 AM org.openqa.selenium.devtools.CdpVersionFinder findNearestMatch
WARNING: Unable to find CDP implementation matching 137
Jun 02, 2025 2:01:15 AM org.openqa.selenium.chromium.ChromiumDriver lambda$new$5
WARNING: Unable to find version of CDP to use for 137.0.7151.55. You may need to include a dependency on a specific version of the CDP using something similar to `org.seleniumhq.selenium:selenium-devtools-v86:4.16.1` where the version ("v86") matches the version of the chromium-based browser you're using and the version number of the artifact is the same as Selenium's.
]]></system-err>
  </testcase>
  <testcase name="runScenario[&quot;Login using invalid credentials&quot;, &quot;Sauce Labs Demo Login Functionality&quot;](6)" classname="runners.TestRunner" time="3.199">
    <system-out><![CDATA[
Scenario Outline: Login using invalid credentials                                                                            # src/test/java/features/Login.feature:35
  Given User is on the login page                                                                                            # stepdefinitions.LoginStepDefinition.user_is_on_the_login_page()
  When User enters username "standard_user"                                                                                  # stepdefinitions.LoginStepDefinition.user_enters_username(java.lang.String)
  And User enters password "1234"                                                                                            # stepdefinitions.LoginStepDefinition.user_enters_password(java.lang.String)
  And User clicks on Login Button                                                                                            # stepdefinitions.LoginStepDefinition.user_clicks_on_login_button()
  Then User is not logged in and gets message as "Epic sadface: Username and password do not match any user in this service" # stepdefinitions.LoginStepDefinition.user_is_not_logged_in_and_gets_message_as(java.lang.String)
]]></system-out>
    <system-err><![CDATA[Jun 02, 2025 2:01:19 AM org.openqa.selenium.devtools.CdpVersionFinder findNearestMatch
WARNING: Unable to find CDP implementation matching 137
Jun 02, 2025 2:01:19 AM org.openqa.selenium.chromium.ChromiumDriver lambda$new$5
WARNING: Unable to find version of CDP to use for 137.0.7151.55. You may need to include a dependency on a specific version of the CDP using something similar to `org.seleniumhq.selenium:selenium-devtools-v86:4.16.1` where the version ("v86") matches the version of the chromium-based browser you're using and the version number of the artifact is the same as Selenium's.
]]></system-err>
  </testcase>
  <testcase name="runScenario[&quot;Login using invalid credentials&quot;, &quot;Sauce Labs Demo Login Functionality&quot;](7)" classname="runners.TestRunner" time="3.254">
    <system-out><![CDATA[
Scenario Outline: Login using invalid credentials                                                                            # src/test/java/features/Login.feature:36
  Given User is on the login page                                                                                            # stepdefinitions.LoginStepDefinition.user_is_on_the_login_page()
  When User enters username "test1234"                                                                                       # stepdefinitions.LoginStepDefinition.user_enters_username(java.lang.String)
  And User enters password "secret_sauce"                                                                                    # stepdefinitions.LoginStepDefinition.user_enters_password(java.lang.String)
  And User clicks on Login Button                                                                                            # stepdefinitions.LoginStepDefinition.user_clicks_on_login_button()
  Then User is not logged in and gets message as "Epic sadface: Username and password do not match any user in this service" # stepdefinitions.LoginStepDefinition.user_is_not_logged_in_and_gets_message_as(java.lang.String)
]]></system-out>
    <system-err><![CDATA[Jun 02, 2025 2:01:22 AM org.openqa.selenium.devtools.CdpVersionFinder findNearestMatch
WARNING: Unable to find CDP implementation matching 137
Jun 02, 2025 2:01:22 AM org.openqa.selenium.chromium.ChromiumDriver lambda$new$5
WARNING: Unable to find version of CDP to use for 137.0.7151.55. You may need to include a dependency on a specific version of the CDP using something similar to `org.seleniumhq.selenium:selenium-devtools-v86:4.16.1` where the version ("v86") matches the version of the chromium-based browser you're using and the version number of the artifact is the same as Selenium's.
]]></system-err>
  </testcase>
  <testcase name="runScenario[&quot;Login using invalid credentials&quot;, &quot;Sauce Labs Demo Login Functionality&quot;](8)" classname="runners.TestRunner" time="3.198">
    <system-out><![CDATA[
Scenario Outline: Login using invalid credentials                                                                            # src/test/java/features/Login.feature:37
  Given User is on the login page                                                                                            # stepdefinitions.LoginStepDefinition.user_is_on_the_login_page()
  When User enters username "STANDARD_USER"                                                                                  # stepdefinitions.LoginStepDefinition.user_enters_username(java.lang.String)
  And User enters password "SECRET_SAUCE"                                                                                    # stepdefinitions.LoginStepDefinition.user_enters_password(java.lang.String)
  And User clicks on Login Button                                                                                            # stepdefinitions.LoginStepDefinition.user_clicks_on_login_button()
  Then User is not logged in and gets message as "Epic sadface: Username and password do not match any user in this service" # stepdefinitions.LoginStepDefinition.user_is_not_logged_in_and_gets_message_as(java.lang.String)
]]></system-out>
    <system-err><![CDATA[Jun 02, 2025 2:01:25 AM org.openqa.selenium.devtools.CdpVersionFinder findNearestMatch
WARNING: Unable to find CDP implementation matching 137
Jun 02, 2025 2:01:25 AM org.openqa.selenium.chromium.ChromiumDriver lambda$new$5
WARNING: Unable to find version of CDP to use for 137.0.7151.55. You may need to include a dependency on a specific version of the CDP using something similar to `org.seleniumhq.selenium:selenium-devtools-v86:4.16.1` where the version ("v86") matches the version of the chromium-based browser you're using and the version number of the artifact is the same as Selenium's.
]]></system-err>
  </testcase>
  <testcase name="runScenario[&quot;Login without providing any credentials&quot;, &quot;Sauce Labs Demo Login Functionality&quot;](9)" classname="runners.TestRunner" time="2.89">
    <system-out><![CDATA[
Scenario: Login without providing any credentials                                                    # src/test/java/features/Login.feature:67
  Given User is on the login page                                                                    # stepdefinitions.LoginStepDefinition.user_is_on_the_login_page()
  When User does not enter any credentials                                                           # stepdefinitions.LoginStepDefinition.user_does_not_enter_any_credentials()
  And User clicks on Login Button                                                                    # stepdefinitions.LoginStepDefinition.user_clicks_on_login_button()
  Then User is not logged in and gets required field validation "Epic sadface: Username is required" # stepdefinitions.LoginStepDefinition.user_is_not_logged_in_and_gets_required_field_validation(java.lang.String)
]]></system-out>
    <system-err><![CDATA[Jun 02, 2025 2:01:28 AM org.openqa.selenium.devtools.CdpVersionFinder findNearestMatch
WARNING: Unable to find CDP implementation matching 137
Jun 02, 2025 2:01:28 AM org.openqa.selenium.chromium.ChromiumDriver lambda$new$5
WARNING: Unable to find version of CDP to use for 137.0.7151.55. You may need to include a dependency on a specific version of the CDP using something similar to `org.seleniumhq.selenium:selenium-devtools-v86:4.16.1` where the version ("v86") matches the version of the chromium-based browser you're using and the version number of the artifact is the same as Selenium's.
]]></system-err>
  </testcase>
  <testcase name="runScenario[&quot;Check required field validation is coming correctly for password field&quot;, &quot;Sauce Labs Demo Login Functionality&quot;](10)" classname="runners.TestRunner" time="2.906">
    <system-out><![CDATA[
Scenario: Check required field validation is coming correctly for password field                     # src/test/java/features/Login.feature:72
  Given User is on the login page                                                                    # stepdefinitions.LoginStepDefinition.user_is_on_the_login_page()
  When User enters valid username "standard_user"                                                    # stepdefinitions.LoginStepDefinition.user_enters_valid_username(java.lang.String)
  But User leave password field blank                                                                # stepdefinitions.LoginStepDefinition.user_leave_password_field_blank()
  And User clicks on Login Button                                                                    # stepdefinitions.LoginStepDefinition.user_clicks_on_login_button()
  Then User is not logged in and gets required field validation "Epic sadface: Password is required" # stepdefinitions.LoginStepDefinition.user_is_not_logged_in_and_gets_required_field_validation(java.lang.String)
]]></system-out>
    <system-err><![CDATA[Jun 02, 2025 2:01:31 AM org.openqa.selenium.devtools.CdpVersionFinder findNearestMatch
WARNING: Unable to find CDP implementation matching 137
Jun 02, 2025 2:01:31 AM org.openqa.selenium.chromium.ChromiumDriver lambda$new$5
WARNING: Unable to find version of CDP to use for 137.0.7151.55. You may need to include a dependency on a specific version of the CDP using something similar to `org.seleniumhq.selenium:selenium-devtools-v86:4.16.1` where the version ("v86") matches the version of the chromium-based browser you're using and the version number of the artifact is the same as Selenium's.
]]></system-err>
  </testcase>
  <testcase name="runScenario[&quot;Tab and Enter keys work on the login form&quot;, &quot;Sauce Labs Demo Login Functionality&quot;](11)" classname="runners.TestRunner" time="3.18">
    <system-out><![CDATA[
Scenario: Tab and Enter keys work on the login form # src/test/java/features/Login.feature:78
  Given User is on the login page                   # stepdefinitions.LoginStepDefinition.user_is_on_the_login_page()
  When User enters valid username "standard_user"   # stepdefinitions.LoginStepDefinition.user_enters_valid_username(java.lang.String)
  And User presses TAB key                          # stepdefinitions.LoginStepDefinition.user_presses_tab_key()
  And User enters valid password "secret_sauce"     # stepdefinitions.LoginStepDefinition.user_enters_valid_password(java.lang.String)
  And User presses TAB key                          # stepdefinitions.LoginStepDefinition.user_presses_tab_key()
  And User presses ENTER key                        # stepdefinitions.LoginStepDefinition.user_presses_enter_key()
  Then User is navigated to Swag Labs page          # stepdefinitions.LoginStepDefinition.user_is_navigated_to_swag_labs_page()
]]></system-out>
    <system-err><![CDATA[Jun 02, 2025 2:01:34 AM org.openqa.selenium.devtools.CdpVersionFinder findNearestMatch
WARNING: Unable to find CDP implementation matching 137
Jun 02, 2025 2:01:34 AM org.openqa.selenium.chromium.ChromiumDriver lambda$new$5
WARNING: Unable to find version of CDP to use for 137.0.7151.55. You may need to include a dependency on a specific version of the CDP using something similar to `org.seleniumhq.selenium:selenium-devtools-v86:4.16.1` where the version ("v86") matches the version of the chromium-based browser you're using and the version number of the artifact is the same as Selenium's.
]]></system-err>
  </testcase>
</testsuite>