<?xml version="1.0" encoding="UTF-8"?>
<!-- Generated by org.testng.reporters.JUnitReportReporter -->
<testsuite hostname="DESKTOP-ERAU1O0" failures="0" tests="11" name="runners.TestRunner" time="36.950" errors="0" timestamp="2025-06-02T02:01:36 IST" skipped="0">
  <testcase classname="runners.TestRunner" name="runScenario" time="3.123"/>
  <testcase classname="runners.TestRunner" name="runScenario" time="3.217"/>
  <testcase classname="runners.TestRunner" name="runScenario" time="2.907"/>
  <testcase classname="runners.TestRunner" name="runScenario" time="3.281"/>
  <testcase classname="runners.TestRunner" name="runScenario" time="5.184"/>
  <testcase classname="runners.TestRunner" name="runScenario" time="3.179"/>
  <testcase classname="runners.TestRunner" name="runScenario" time="2.905"/>
  <testcase classname="runners.TestRunner" name="runScenario" time="3.489"/>
  <testcase classname="runners.TestRunner" name="runScenario" time="3.199"/>
  <testcase classname="runners.TestRunner" name="runScenario" time="3.136"/>
  <testcase classname="runners.TestRunner" name="runScenario" time="3.330"/>
</testsuite> <!-- runners.TestRunner -->
