<?xml version="1.0" encoding="UTF-8"?>
<!-- Generated by org.testng.reporters.JUnitReportReporter -->
<testsuite hostname="DESKTOP-ERAU1O0" failures="0" tests="10" name="runners.TestRunner" time="26.005" errors="0" timestamp="2025-06-02T00:55:01 IST" skipped="0">
  <testcase classname="runners.TestRunner" name="runScenario" time="2.488"/>
  <testcase classname="runners.TestRunner" name="runScenario" time="2.470"/>
  <testcase classname="runners.TestRunner" name="runScenario" time="2.441"/>
  <testcase classname="runners.TestRunner" name="runScenario" time="3.413"/>
  <testcase classname="runners.TestRunner" name="runScenario" time="2.627"/>
  <testcase classname="runners.TestRunner" name="runScenario" time="2.453"/>
  <testcase classname="runners.TestRunner" name="runScenario" time="2.447"/>
  <testcase classname="runners.TestRunner" name="runScenario" time="2.531"/>
  <testcase classname="runners.TestRunner" name="runScenario" time="2.661"/>
  <testcase classname="runners.TestRunner" name="runScenario" time="2.474"/>
</testsuite> <!-- runners.TestRunner -->
